<?xml version="1.0" encoding="UTF-8"?>
<testsuite xmlns:xsi="http://www.w3.org/2001/XMLSchema-instance" xsi:noNamespaceSchemaLocation="https://maven.apache.org/surefire/maven-surefire-plugin/xsd/surefire-test-report-3.0.xsd" version="3.0" name="no.nav.tilgangsmaskin.ansatt.NavIdTest" time="0.021" tests="4" errors="0" skipped="0" failures="0">
  <properties>
[...]
</properties>
  <testcase name="ikkeBokstav" classname="no.nav.tilgangsmaskin.ansatt.NavIdTest" time="0.01"/>
  <testcase name="lengde" classname="no.nav.tilgangsmaskin.ansatt.NavIdTest" time="0.001"/>
  <testcase name="validNavId" classname="no.nav.tilgangsmaskin.ansatt.NavIdTest" time="0.001"/>
  <testcase name="ikke6tall" classname="no.nav.tilgangsmaskin.ansatt.NavIdTest" time="0.001"/>
</testsuite>